{"/Users/nickma/Develop/nick-ma/pony/src/cli/commands/auth.ts": {"path":"/Users/nickma/Develop/nick-ma/pony/src/cli/commands/auth.ts","statementMap":{"0":{"start":{"line":17,"column":18},"end":{"line":17,"column":60}},"1":{"start":{"line":19,"column":21},"end":{"line":19,"column":48}},"2":{"start":{"line":20,"column":23},"end":{"line":20,"column":27}},"3":{"start":{"line":21,"column":22},"end":{"line":21,"column":65}},"4":{"start":{"line":23,"column":18},"end":{"line":27,"column":48}},"5":{"start":{"line":29,"column":2},"end":{"line":140,"column":5}},"6":{"start":{"line":30,"column":19},"end":{"line":123,"column":6}},"7":{"start":{"line":31,"column":6},"end":{"line":35,"column":7}},"8":{"start":{"line":32,"column":8},"end":{"line":32,"column":27}},"9":{"start":{"line":33,"column":8},"end":{"line":33,"column":18}},"10":{"start":{"line":34,"column":8},"end":{"line":34,"column":15}},"11":{"start":{"line":37,"column":18},"end":{"line":37,"column":70}},"12":{"start":{"line":38,"column":19},"end":{"line":38,"column":47}},"13":{"start":{"line":39,"column":20},"end":{"line":39,"column":49}},"14":{"start":{"line":41,"column":6},"end":{"line":56,"column":7}},"15":{"start":{"line":42,"column":8},"end":{"line":42,"column":60}},"16":{"start":{"line":43,"column":8},"end":{"line":51,"column":11}},"17":{"start":{"line":52,"column":8},"end":{"line":52,"column":23}},"18":{"start":{"line":53,"column":8},"end":{"line":53,"column":46}},"19":{"start":{"line":54,"column":8},"end":{"line":54,"column":33}},"20":{"start":{"line":55,"column":8},"end":{"line":55,"column":15}},"21":{"start":{"line":58,"column":6},"end":{"line":65,"column":7}},"22":{"start":{"line":59,"column":8},"end":{"line":59,"column":27}},"23":{"start":{"line":60,"column":8},"end":{"line":60,"column":46}},"24":{"start":{"line":61,"column":8},"end":{"line":61,"column":23}},"25":{"start":{"line":62,"column":8},"end":{"line":62,"column":51}},"26":{"start":{"line":63,"column":8},"end":{"line":63,"column":42}},"27":{"start":{"line":64,"column":8},"end":{"line":64,"column":15}},"28":{"start":{"line":67,"column":6},"end":{"line":67,"column":67}},"29":{"start":{"line":69,"column":6},"end":{"line":122,"column":7}},"30":{"start":{"line":70,"column":30},"end":{"line":81,"column":10}},"31":{"start":{"line":83,"column":8},"end":{"line":85,"column":9}},"32":{"start":{"line":84,"column":10},"end":{"line":84,"column":80}},"33":{"start":{"line":87,"column":43},"end":{"line":87,"column":91}},"34":{"start":{"line":89,"column":8},"end":{"line":96,"column":11}},"35":{"start":{"line":98,"column":8},"end":{"line":98,"column":60}},"36":{"start":{"line":99,"column":8},"end":{"line":107,"column":11}},"37":{"start":{"line":109,"column":8},"end":{"line":109,"column":23}},"38":{"start":{"line":110,"column":8},"end":{"line":110,"column":55}},"39":{"start":{"line":112,"column":8},"end":{"line":112,"column":98}},"40":{"start":{"line":113,"column":8},"end":{"line":113,"column":69}},"41":{"start":{"line":115,"column":8},"end":{"line":115,"column":18}},"42":{"start":{"line":117,"column":8},"end":{"line":117,"column":27}},"43":{"start":{"line":118,"column":8},"end":{"line":118,"column":41}},"44":{"start":{"line":119,"column":8},"end":{"line":119,"column":23}},"45":{"start":{"line":120,"column":8},"end":{"line":120,"column":46}},"46":{"start":{"line":121,"column":8},"end":{"line":121,"column":22}},"47":{"start":{"line":125,"column":4},"end":{"line":133,"column":7}},"48":{"start":{"line":126,"column":6},"end":{"line":126,"column":46}},"49":{"start":{"line":127,"column":6},"end":{"line":127,"column":73}},"50":{"start":{"line":128,"column":6},"end":{"line":128,"column":78}},"51":{"start":{"line":130,"column":6},"end":{"line":132,"column":9}},"52":{"start":{"line":131,"column":8},"end":{"line":131,"column":70}},"53":{"start":{"line":135,"column":4},"end":{"line":139,"column":15}},"54":{"start":{"line":136,"column":6},"end":{"line":136,"column":21}},"55":{"start":{"line":137,"column":6},"end":{"line":137,"column":57}},"56":{"start":{"line":138,"column":6},"end":{"line":138,"column":35}},"57":{"start":{"line":144,"column":2},"end":{"line":144,"column":28}},"58":{"start":{"line":145,"column":2},"end":{"line":145,"column":56}},"59":{"start":{"line":149,"column":2},"end":{"line":152,"column":3}},"60":{"start":{"line":150,"column":4},"end":{"line":150,"column":76}},"61":{"start":{"line":151,"column":4},"end":{"line":151,"column":20}},"62":{"start":{"line":154,"column":17},"end":{"line":154,"column":40}},"63":{"start":{"line":155,"column":2},"end":{"line":155,"column":52}},"64":{"start":{"line":156,"column":2},"end":{"line":156,"column":84}},"65":{"start":{"line":157,"column":2},"end":{"line":157,"column":75}},"66":{"start":{"line":158,"column":2},"end":{"line":158,"column":123}},"67":{"start":{"line":161,"column":27},"end":{"line":162,"column":41}},"68":{"start":{"line":164,"column":0},"end":{"line":179,"column":5}},"69":{"start":{"line":169,"column":4},"end":{"line":171,"column":5}},"70":{"start":{"line":170,"column":6},"end":{"line":170,"column":62}},"71":{"start":{"line":173,"column":4},"end":{"line":178,"column":5}},"72":{"start":{"line":174,"column":6},"end":{"line":174,"column":29}},"73":{"start":{"line":176,"column":6},"end":{"line":176,"column":76}},"74":{"start":{"line":177,"column":6},"end":{"line":177,"column":22}},"75":{"start":{"line":181,"column":0},"end":{"line":184,"column":18}},"76":{"start":{"line":186,"column":0},"end":{"line":189,"column":18}}},"fnMap":{"0":{"name":"loginWithOAuth","decl":{"start":{"line":16,"column":15},"end":{"line":16,"column":29}},"loc":{"start":{"line":16,"column":29},"end":{"line":141,"column":1}}},"1":{"name":"(anonymous_1)","decl":{"start":{"line":29,"column":21},"end":{"line":29,"column":22}},"loc":{"start":{"line":29,"column":41},"end":{"line":140,"column":3}}},"2":{"name":"(anonymous_2)","decl":{"start":{"line":30,"column":32},"end":{"line":30,"column":37}},"loc":{"start":{"line":30,"column":51},"end":{"line":123,"column":5}}},"3":{"name":"(anonymous_3)","decl":{"start":{"line":125,"column":32},"end":{"line":125,"column":35}},"loc":{"start":{"line":125,"column":37},"end":{"line":133,"column":5}}},"4":{"name":"(anonymous_4)","decl":{"start":{"line":130,"column":26},"end":{"line":130,"column":29}},"loc":{"start":{"line":130,"column":31},"end":{"line":132,"column":7}}},"5":{"name":"(anonymous_5)","decl":{"start":{"line":135,"column":15},"end":{"line":135,"column":18}},"loc":{"start":{"line":135,"column":20},"end":{"line":139,"column":5}}},"6":{"name":"logout","decl":{"start":{"line":143,"column":15},"end":{"line":143,"column":21}},"loc":{"start":{"line":143,"column":21},"end":{"line":146,"column":1}}},"7":{"name":"whoami","decl":{"start":{"line":148,"column":15},"end":{"line":148,"column":21}},"loc":{"start":{"line":148,"column":21},"end":{"line":159,"column":1}}},"8":{"name":"(anonymous_8)","decl":{"start":{"line":168,"column":10},"end":{"line":168,"column":15}},"loc":{"start":{"line":168,"column":28},"end":{"line":179,"column":3}}}},"branchMap":{"0":{"loc":{"start":{"line":31,"column":6},"end":{"line":35,"column":7}},"type":"if","locations":[{"start":{"line":31,"column":6},"end":{"line":35,"column":7}},{"start":{},"end":{}}]},"1":{"loc":{"start":{"line":41,"column":6},"end":{"line":56,"column":7}},"type":"if","locations":[{"start":{"line":41,"column":6},"end":{"line":56,"column":7}},{"start":{},"end":{}}]},"2":{"loc":{"start":{"line":58,"column":6},"end":{"line":65,"column":7}},"type":"if","locations":[{"start":{"line":58,"column":6},"end":{"line":65,"column":7}},{"start":{},"end":{}}]},"3":{"loc":{"start":{"line":83,"column":8},"end":{"line":85,"column":9}},"type":"if","locations":[{"start":{"line":83,"column":8},"end":{"line":85,"column":9}},{"start":{},"end":{}}]},"4":{"loc":{"start":{"line":92,"column":21},"end":{"line":92,"column":90}},"type":"cond-expr","locations":[{"start":{"line":92,"column":41},"end":{"line":92,"column":78}},{"start":{"line":92,"column":81},"end":{"line":92,"column":90}}]},"5":{"loc":{"start":{"line":112,"column":53},"end":{"line":112,"column":93}},"type":"binary-expr","locations":[{"start":{"line":112,"column":53},"end":{"line":112,"column":65}},{"start":{"line":112,"column":69},"end":{"line":112,"column":83}},{"start":{"line":112,"column":87},"end":{"line":112,"column":93}}]},"6":{"loc":{"start":{"line":149,"column":2},"end":{"line":152,"column":3}},"type":"if","locations":[{"start":{"line":149,"column":2},"end":{"line":152,"column":3}},{"start":{},"end":{}}]},"7":{"loc":{"start":{"line":156,"column":37},"end":{"line":156,"column":79}},"type":"binary-expr","locations":[{"start":{"line":156,"column":37},"end":{"line":156,"column":49}},{"start":{"line":156,"column":53},"end":{"line":156,"column":66}},{"start":{"line":156,"column":70},"end":{"line":156,"column":79}}]},"8":{"loc":{"start":{"line":157,"column":40},"end":{"line":157,"column":70}},"type":"binary-expr","locations":[{"start":{"line":157,"column":40},"end":{"line":157,"column":57}},{"start":{"line":157,"column":61},"end":{"line":157,"column":70}}]},"9":{"loc":{"start":{"line":158,"column":46},"end":{"line":158,"column":118}},"type":"cond-expr","locations":[{"start":{"line":158,"column":65},"end":{"line":158,"column":108}},{"start":{"line":158,"column":111},"end":{"line":158,"column":118}}]},"10":{"loc":{"start":{"line":169,"column":4},"end":{"line":171,"column":5}},"type":"if","locations":[{"start":{"line":169,"column":4},"end":{"line":171,"column":5}},{"start":{},"end":{}}]}},"s":{"0":0,"1":0,"2":0,"3":0,"4":0,"5":0,"6":0,"7":0,"8":0,"9":0,"10":0,"11":0,"12":0,"13":0,"14":0,"15":0,"16":0,"17":0,"18":0,"19":0,"20":0,"21":0,"22":0,"23":0,"24":0,"25":0,"26":0,"27":0,"28":0,"29":0,"30":0,"31":0,"32":0,"33":0,"34":0,"35":0,"36":0,"37":0,"38":0,"39":0,"40":0,"41":0,"42":0,"43":0,"44":0,"45":0,"46":0,"47":0,"48":0,"49":0,"50":0,"51":0,"52":0,"53":0,"54":0,"55":0,"56":0,"57":0,"58":0,"59":0,"60":0,"61":0,"62":0,"63":0,"64":0,"65":0,"66":0,"67":0,"68":0,"69":0,"70":0,"71":0,"72":0,"73":0,"74":0,"75":0,"76":0},"f":{"0":0,"1":0,"2":0,"3":0,"4":0,"5":0,"6":0,"7":0,"8":0},"b":{"0":[0,0],"1":[0,0],"2":[0,0],"3":[0,0],"4":[0,0],"5":[0,0,0],"6":[0,0],"7":[0,0,0],"8":[0,0],"9":[0,0],"10":[0,0]}}
,"/Users/nickma/Develop/nick-ma/pony/src/cli/commands/chat.ts": {"path":"/Users/nickma/Develop/nick-ma/pony/src/cli/commands/chat.ts","statementMap":{"0":{"start":{"line":13,"column":16},"end":{"line":13,"column":42}},"1":{"start":{"line":15,"column":2},"end":{"line":15,"column":67}},"2":{"start":{"line":16,"column":2},"end":{"line":16,"column":87}},"3":{"start":{"line":18,"column":34},"end":{"line":18,"column":36}},"4":{"start":{"line":20,"column":2},"end":{"line":25,"column":3}},"5":{"start":{"line":21,"column":4},"end":{"line":24,"column":7}},"6":{"start":{"line":27,"column":2},"end":{"line":79,"column":3}},"7":{"start":{"line":28,"column":28},"end":{"line":35,"column":6}},"8":{"start":{"line":37,"column":4},"end":{"line":39,"column":5}},"9":{"start":{"line":38,"column":6},"end":{"line":38,"column":15}},"10":{"start":{"line":41,"column":4},"end":{"line":44,"column":5}},"11":{"start":{"line":42,"column":6},"end":{"line":42,"column":49}},"12":{"start":{"line":43,"column":6},"end":{"line":43,"column":12}},"13":{"start":{"line":46,"column":4},"end":{"line":49,"column":7}},"14":{"start":{"line":51,"column":4},"end":{"line":78,"column":5}},"15":{"start":{"line":52,"column":6},"end":{"line":52,"column":71}},"16":{"start":{"line":54,"column":29},"end":{"line":54,"column":31}},"17":{"start":{"line":56,"column":6},"end":{"line":65,"column":8}},"18":{"start":{"line":62,"column":10},"end":{"line":62,"column":38}},"19":{"start":{"line":63,"column":10},"end":{"line":63,"column":36}},"20":{"start":{"line":67,"column":6},"end":{"line":67,"column":24}},"21":{"start":{"line":69,"column":6},"end":{"line":72,"column":9}},"22":{"start":{"line":75,"column":6},"end":{"line":75,"column":75}},"23":{"start":{"line":77,"column":6},"end":{"line":77,"column":21}}},"fnMap":{"0":{"name":"chatCommand","decl":{"start":{"line":12,"column":22},"end":{"line":12,"column":33}},"loc":{"start":{"line":12,"column":54},"end":{"line":80,"column":1}}},"1":{"name":"(anonymous_1)","decl":{"start":{"line":61,"column":8},"end":{"line":61,"column":9}},"loc":{"start":{"line":61,"column":18},"end":{"line":64,"column":9}}}},"branchMap":{"0":{"loc":{"start":{"line":13,"column":16},"end":{"line":13,"column":42}},"type":"binary-expr","locations":[{"start":{"line":13,"column":16},"end":{"line":13,"column":29}},{"start":{"line":13,"column":33},"end":{"line":13,"column":42}}]},"1":{"loc":{"start":{"line":20,"column":2},"end":{"line":25,"column":3}},"type":"if","locations":[{"start":{"line":20,"column":2},"end":{"line":25,"column":3}},{"start":{},"end":{}}]},"2":{"loc":{"start":{"line":37,"column":4},"end":{"line":39,"column":5}},"type":"if","locations":[{"start":{"line":37,"column":4},"end":{"line":39,"column":5}},{"start":{},"end":{}}]},"3":{"loc":{"start":{"line":41,"column":4},"end":{"line":44,"column":5}},"type":"if","locations":[{"start":{"line":41,"column":4},"end":{"line":44,"column":5}},{"start":{},"end":{}}]}},"s":{"0":0,"1":0,"2":0,"3":0,"4":0,"5":0,"6":0,"7":0,"8":0,"9":0,"10":0,"11":0,"12":0,"13":0,"14":0,"15":0,"16":0,"17":0,"18":0,"19":0,"20":0,"21":0,"22":0,"23":0},"f":{"0":0,"1":0},"b":{"0":[0,0],"1":[0,0],"2":[0,0],"3":[0,0]}}
,"/Users/nickma/Develop/nick-ma/pony/src/cli/commands/config.ts": {"path":"/Users/nickma/Develop/nick-ma/pony/src/cli/commands/config.ts","statementMap":{"0":{"start":{"line":7,"column":18},"end":{"line":22,"column":4}},"1":{"start":{"line":14,"column":8},"end":{"line":19,"column":9}},"2":{"start":{"line":15,"column":10},"end":{"line":15,"column":25}},"3":{"start":{"line":16,"column":10},"end":{"line":16,"column":22}},"4":{"start":{"line":18,"column":10},"end":{"line":18,"column":31}},"5":{"start":{"line":24,"column":2},"end":{"line":24,"column":46}},"6":{"start":{"line":25,"column":2},"end":{"line":25,"column":59}},"7":{"start":{"line":29,"column":17},"end":{"line":29,"column":40}},"8":{"start":{"line":31,"column":2},"end":{"line":31,"column":56}},"9":{"start":{"line":32,"column":2},"end":{"line":32,"column":104}},"10":{"start":{"line":33,"column":2},"end":{"line":33,"column":106}},"11":{"start":{"line":35,"column":2},"end":{"line":37,"column":3}},"12":{"start":{"line":36,"column":4},"end":{"line":36,"column":55}},"13":{"start":{"line":39,"column":2},"end":{"line":39,"column":16}},"14":{"start":{"line":42,"column":29},"end":{"line":43,"column":42}},"15":{"start":{"line":45,"column":0},"end":{"line":48,"column":22}},"16":{"start":{"line":50,"column":0},"end":{"line":53,"column":22}}},"fnMap":{"0":{"name":"setGateway","decl":{"start":{"line":6,"column":15},"end":{"line":6,"column":25}},"loc":{"start":{"line":6,"column":25},"end":{"line":26,"column":1}}},"1":{"name":"(anonymous_1)","decl":{"start":{"line":13,"column":16},"end":{"line":13,"column":17}},"loc":{"start":{"line":13,"column":26},"end":{"line":20,"column":7}}},"2":{"name":"showConfig","decl":{"start":{"line":28,"column":15},"end":{"line":28,"column":25}},"loc":{"start":{"line":28,"column":25},"end":{"line":40,"column":1}}}},"branchMap":{"0":{"loc":{"start":{"line":32,"column":45},"end":{"line":32,"column":102}},"type":"binary-expr","locations":[{"start":{"line":32,"column":45},"end":{"line":32,"column":62}},{"start":{"line":32,"column":66},"end":{"line":32,"column":102}}]},"1":{"loc":{"start":{"line":33,"column":47},"end":{"line":33,"column":104}},"type":"cond-expr","locations":[{"start":{"line":33,"column":68},"end":{"line":33,"column":86}},{"start":{"line":33,"column":89},"end":{"line":33,"column":104}}]},"2":{"loc":{"start":{"line":35,"column":2},"end":{"line":37,"column":3}},"type":"if","locations":[{"start":{"line":35,"column":2},"end":{"line":37,"column":3}},{"start":{},"end":{}}]}},"s":{"0":0,"1":0,"2":0,"3":0,"4":0,"5":0,"6":0,"7":0,"8":0,"9":0,"10":0,"11":0,"12":0,"13":0,"14":0,"15":0,"16":0},"f":{"0":0,"1":0,"2":0},"b":{"0":[0,0],"1":[0,0],"2":[0,0]}}
,"/Users/nickma/Develop/nick-ma/pony/src/cli/commands/goal.ts": {"path":"/Users/nickma/Develop/nick-ma/pony/src/cli/commands/goal.ts","statementMap":{"0":{"start":{"line":8,"column":18},"end":{"line":27,"column":4}},"1":{"start":{"line":13,"column":27},"end":{"line":13,"column":73}},"2":{"start":{"line":19,"column":27},"end":{"line":19,"column":79}},"3":{"start":{"line":29,"column":18},"end":{"line":29,"column":49}},"4":{"start":{"line":31,"column":2},"end":{"line":46,"column":3}},"5":{"start":{"line":32,"column":17},"end":{"line":36,"column":6}},"6":{"start":{"line":38,"column":4},"end":{"line":38,"column":50}},"7":{"start":{"line":39,"column":4},"end":{"line":39,"column":53}},"8":{"start":{"line":40,"column":4},"end":{"line":40,"column":53}},"9":{"start":{"line":41,"column":4},"end":{"line":41,"column":55}},"10":{"start":{"line":43,"column":4},"end":{"line":43,"column":42}},"11":{"start":{"line":44,"column":4},"end":{"line":44,"column":55}},"12":{"start":{"line":45,"column":4},"end":{"line":45,"column":20}},"13":{"start":{"line":50,"column":18},"end":{"line":50,"column":50}},"14":{"start":{"line":52,"column":2},"end":{"line":72,"column":3}},"15":{"start":{"line":53,"column":18},"end":{"line":53,"column":49}},"16":{"start":{"line":54,"column":4},"end":{"line":54,"column":53}},"17":{"start":{"line":56,"column":4},"end":{"line":59,"column":5}},"18":{"start":{"line":57,"column":6},"end":{"line":57,"column":86}},"19":{"start":{"line":58,"column":6},"end":{"line":58,"column":13}},"20":{"start":{"line":61,"column":4},"end":{"line":61,"column":18}},"21":{"start":{"line":62,"column":4},"end":{"line":67,"column":7}},"22":{"start":{"line":63,"column":6},"end":{"line":63,"column":57}},"23":{"start":{"line":64,"column":6},"end":{"line":64,"column":51}},"24":{"start":{"line":65,"column":6},"end":{"line":65,"column":59}},"25":{"start":{"line":66,"column":6},"end":{"line":66,"column":90}},"26":{"start":{"line":69,"column":4},"end":{"line":69,"column":42}},"27":{"start":{"line":70,"column":4},"end":{"line":70,"column":55}},"28":{"start":{"line":71,"column":4},"end":{"line":71,"column":20}},"29":{"start":{"line":76,"column":18},"end":{"line":76,"column":49}},"30":{"start":{"line":78,"column":2},"end":{"line":92,"column":3}},"31":{"start":{"line":79,"column":17},"end":{"line":79,"column":48}},"32":{"start":{"line":80,"column":4},"end":{"line":80,"column":36}},"33":{"start":{"line":82,"column":4},"end":{"line":82,"column":55}},"34":{"start":{"line":83,"column":4},"end":{"line":83,"column":49}},"35":{"start":{"line":84,"column":4},"end":{"line":84,"column":57}},"36":{"start":{"line":85,"column":4},"end":{"line":85,"column":67}},"37":{"start":{"line":86,"column":4},"end":{"line":86,"column":88}},"38":{"start":{"line":87,"column":4},"end":{"line":87,"column":88}},"39":{"start":{"line":89,"column":4},"end":{"line":89,"column":41}},"40":{"start":{"line":90,"column":4},"end":{"line":90,"column":55}},"41":{"start":{"line":91,"column":4},"end":{"line":91,"column":20}},"42":{"start":{"line":95,"column":27},"end":{"line":96,"column":41}},"43":{"start":{"line":98,"column":0},"end":{"line":101,"column":22}},"44":{"start":{"line":103,"column":0},"end":{"line":106,"column":21}},"45":{"start":{"line":108,"column":0},"end":{"line":111,"column":20}}},"fnMap":{"0":{"name":"createGoal","decl":{"start":{"line":7,"column":15},"end":{"line":7,"column":25}},"loc":{"start":{"line":7,"column":25},"end":{"line":47,"column":1}}},"1":{"name":"(anonymous_1)","decl":{"start":{"line":13,"column":16},"end":{"line":13,"column":17}},"loc":{"start":{"line":13,"column":27},"end":{"line":13,"column":73}}},"2":{"name":"(anonymous_2)","decl":{"start":{"line":19,"column":16},"end":{"line":19,"column":17}},"loc":{"start":{"line":19,"column":27},"end":{"line":19,"column":79}}},"3":{"name":"listGoals","decl":{"start":{"line":49,"column":15},"end":{"line":49,"column":24}},"loc":{"start":{"line":49,"column":24},"end":{"line":73,"column":1}}},"4":{"name":"(anonymous_4)","decl":{"start":{"line":62,"column":18},"end":{"line":62,"column":19}},"loc":{"start":{"line":62,"column":27},"end":{"line":67,"column":5}}},"5":{"name":"showGoal","decl":{"start":{"line":75,"column":15},"end":{"line":75,"column":23}},"loc":{"start":{"line":75,"column":34},"end":{"line":93,"column":1}}}},"branchMap":{"0":{"loc":{"start":{"line":13,"column":27},"end":{"line":13,"column":73}},"type":"binary-expr","locations":[{"start":{"line":13,"column":27},"end":{"line":13,"column":50}},{"start":{"line":13,"column":54},"end":{"line":13,"column":73}}]},"1":{"loc":{"start":{"line":19,"column":27},"end":{"line":19,"column":79}},"type":"binary-expr","locations":[{"start":{"line":19,"column":27},"end":{"line":19,"column":50}},{"start":{"line":19,"column":54},"end":{"line":19,"column":79}}]},"2":{"loc":{"start":{"line":56,"column":4},"end":{"line":59,"column":5}},"type":"if","locations":[{"start":{"line":56,"column":4},"end":{"line":59,"column":5}},{"start":{},"end":{}}]}},"s":{"0":0,"1":0,"2":0,"3":0,"4":0,"5":0,"6":0,"7":0,"8":0,"9":0,"10":0,"11":0,"12":0,"13":0,"14":0,"15":0,"16":0,"17":0,"18":0,"19":0,"20":0,"21":0,"22":0,"23":0,"24":0,"25":0,"26":0,"27":0,"28":0,"29":0,"30":0,"31":0,"32":0,"33":0,"34":0,"35":0,"36":0,"37":0,"38":0,"39":0,"40":0,"41":0,"42":0,"43":0,"44":0,"45":0},"f":{"0":0,"1":0,"2":0,"3":0,"4":0,"5":0},"b":{"0":[0,0],"1":[0,0],"2":[0,0]}}
,"/Users/nickma/Develop/nick-ma/pony/src/cli/commands/status.ts": {"path":"/Users/nickma/Develop/nick-ma/pony/src/cli/commands/status.ts","statementMap":{"0":{"start":{"line":6,"column":2},"end":{"line":6,"column":53}},"1":{"start":{"line":8,"column":17},"end":{"line":8,"column":46}},"2":{"start":{"line":9,"column":2},"end":{"line":9,"column":122}},"3":{"start":{"line":11,"column":2},"end":{"line":25,"column":3}},"4":{"start":{"line":12,"column":19},"end":{"line":12,"column":42}},"5":{"start":{"line":13,"column":4},"end":{"line":13,"column":84}},"6":{"start":{"line":14,"column":4},"end":{"line":14,"column":75}},"7":{"start":{"line":16,"column":4},"end":{"line":22,"column":5}},"8":{"start":{"line":17,"column":6},"end":{"line":17,"column":62}},"9":{"start":{"line":18,"column":20},"end":{"line":18,"column":51}},"10":{"start":{"line":19,"column":6},"end":{"line":19,"column":86}},"11":{"start":{"line":21,"column":6},"end":{"line":21,"column":85}},"12":{"start":{"line":24,"column":4},"end":{"line":24,"column":71}},"13":{"start":{"line":27,"column":2},"end":{"line":27,"column":16}}},"fnMap":{"0":{"name":"statusCommand","decl":{"start":{"line":5,"column":22},"end":{"line":5,"column":35}},"loc":{"start":{"line":5,"column":35},"end":{"line":28,"column":1}}}},"branchMap":{"0":{"loc":{"start":{"line":9,"column":46},"end":{"line":9,"column":120}},"type":"cond-expr","locations":[{"start":{"line":9,"column":55},"end":{"line":9,"column":85}},{"start":{"line":9,"column":88},"end":{"line":9,"column":120}}]},"1":{"loc":{"start":{"line":11,"column":2},"end":{"line":25,"column":3}},"type":"if","locations":[{"start":{"line":11,"column":2},"end":{"line":25,"column":3}},{"start":{"line":23,"column":9},"end":{"line":25,"column":3}}]},"2":{"loc":{"start":{"line":13,"column":40},"end":{"line":13,"column":82}},"type":"binary-expr","locations":[{"start":{"line":13,"column":40},"end":{"line":13,"column":52}},{"start":{"line":13,"column":56},"end":{"line":13,"column":69}},{"start":{"line":13,"column":73},"end":{"line":13,"column":82}}]},"3":{"loc":{"start":{"line":14,"column":43},"end":{"line":14,"column":73}},"type":"binary-expr","locations":[{"start":{"line":14,"column":43},"end":{"line":14,"column":60}},{"start":{"line":14,"column":64},"end":{"line":14,"column":73}}]}},"s":{"0":0,"1":0,"2":0,"3":0,"4":0,"5":0,"6":0,"7":0,"8":0,"9":0,"10":0,"11":0,"12":0,"13":0},"f":{"0":0},"b":{"0":[0,0],"1":[0,0],"2":[0,0,0],"3":[0,0]}}
,"/Users/nickma/Develop/nick-ma/pony/src/cli/lib/auth-manager.ts": {"path":"/Users/nickma/Develop/nick-ma/pony/src/cli/lib/auth-manager.ts","statementMap":{"0":{"start":{"line":1,"column":0},"end":{"line":1,"column":29}},"1":{"start":{"line":2,"column":0},"end":{"line":2,"column":28}},"2":{"start":{"line":3,"column":0},"end":{"line":3,"column":72}},"3":{"start":{"line":19,"column":4},"end":{"line":19,"column":51}},"4":{"start":{"line":20,"column":4},"end":{"line":20,"column":56}},"5":{"start":{"line":22,"column":4},"end":{"line":24,"column":5}},"6":{"start":{"line":23,"column":6},"end":{"line":23,"column":53}},"7":{"start":{"line":28,"column":4},"end":{"line":30,"column":5}},"8":{"start":{"line":29,"column":6},"end":{"line":29,"column":16}},"9":{"start":{"line":32,"column":4},"end":{"line":37,"column":5}},"10":{"start":{"line":33,"column":19},"end":{"line":33,"column":57}},"11":{"start":{"line":34,"column":6},"end":{"line":34,"column":30}},"12":{"start":{"line":36,"column":6},"end":{"line":36,"column":16}},"13":{"start":{"line":41,"column":21},"end":{"line":41,"column":37}},"14":{"start":{"line":42,"column":19},"end":{"line":42,"column":45}},"15":{"start":{"line":43,"column":4},"end":{"line":43,"column":77}},"16":{"start":{"line":47,"column":4},"end":{"line":49,"column":5}},"17":{"start":{"line":48,"column":6},"end":{"line":48,"column":52}},"18":{"start":{"line":53,"column":19},"end":{"line":53,"column":35}},"19":{"start":{"line":55,"column":4},"end":{"line":57,"column":5}},"20":{"start":{"line":56,"column":6},"end":{"line":56,"column":19}},"21":{"start":{"line":59,"column":4},"end":{"line":61,"column":5}},"22":{"start":{"line":60,"column":6},"end":{"line":60,"column":19}},"23":{"start":{"line":63,"column":4},"end":{"line":63,"column":16}},"24":{"start":{"line":67,"column":19},"end":{"line":67,"column":35}},"25":{"start":{"line":68,"column":4},"end":{"line":68,"column":30}},"26":{"start":{"line":72,"column":19},"end":{"line":72,"column":35}},"27":{"start":{"line":73,"column":4},"end":{"line":73,"column":59}},"28":{"start":{"line":14,"column":0},"end":{"line":14,"column":13}},"29":{"start":{"line":77,"column":13},"end":{"line":77,"column":45}}},"fnMap":{"0":{"name":"(anonymous_0)","decl":{"start":{"line":18,"column":2},"end":{"line":18,"column":null}},"loc":{"start":{"line":18,"column":2},"end":{"line":25,"column":3}}},"1":{"name":"(anonymous_1)","decl":{"start":{"line":27,"column":2},"end":{"line":27,"column":11}},"loc":{"start":{"line":27,"column":11},"end":{"line":38,"column":3}}},"2":{"name":"(anonymous_2)","decl":{"start":{"line":40,"column":2},"end":{"line":40,"column":12}},"loc":{"start":{"line":40,"column":31},"end":{"line":44,"column":3}}},"3":{"name":"(anonymous_3)","decl":{"start":{"line":46,"column":2},"end":{"line":46,"column":13}},"loc":{"start":{"line":46,"column":13},"end":{"line":50,"column":3}}},"4":{"name":"(anonymous_4)","decl":{"start":{"line":52,"column":2},"end":{"line":52,"column":17}},"loc":{"start":{"line":52,"column":17},"end":{"line":64,"column":3}}},"5":{"name":"(anonymous_5)","decl":{"start":{"line":66,"column":2},"end":{"line":66,"column":16}},"loc":{"start":{"line":66,"column":16},"end":{"line":69,"column":3}}},"6":{"name":"(anonymous_6)","decl":{"start":{"line":71,"column":2},"end":{"line":71,"column":15}},"loc":{"start":{"line":71,"column":15},"end":{"line":74,"column":3}}}},"branchMap":{"0":{"loc":{"start":{"line":22,"column":4},"end":{"line":24,"column":5}},"type":"if","locations":[{"start":{"line":22,"column":4},"end":{"line":24,"column":5}},{"start":{},"end":{}}]},"1":{"loc":{"start":{"line":28,"column":4},"end":{"line":30,"column":5}},"type":"if","locations":[{"start":{"line":28,"column":4},"end":{"line":30,"column":5}},{"start":{},"end":{}}]},"2":{"loc":{"start":{"line":47,"column":4},"end":{"line":49,"column":5}},"type":"if","locations":[{"start":{"line":47,"column":4},"end":{"line":49,"column":5}},{"start":{},"end":{}}]},"3":{"loc":{"start":{"line":55,"column":4},"end":{"line":57,"column":5}},"type":"if","locations":[{"start":{"line":55,"column":4},"end":{"line":57,"column":5}},{"start":{},"end":{}}]},"4":{"loc":{"start":{"line":59,"column":4},"end":{"line":61,"column":5}},"type":"if","locations":[{"start":{"line":59,"column":4},"end":{"line":61,"column":5}},{"start":{},"end":{}}]},"5":{"loc":{"start":{"line":59,"column":8},"end":{"line":59,"column":57}},"type":"binary-expr","locations":[{"start":{"line":59,"column":8},"end":{"line":59,"column":24}},{"start":{"line":59,"column":28},"end":{"line":59,"column":57}}]},"6":{"loc":{"start":{"line":73,"column":11},"end":{"line":73,"column":58}},"type":"binary-expr","locations":[{"start":{"line":73,"column":11},"end":{"line":73,"column":28}},{"start":{"line":73,"column":32},"end":{"line":73,"column":58}}]}},"s":{"0":2,"1":2,"2":2,"3":15,"4":15,"5":15,"6":0,"7":23,"8":13,"9":10,"10":10,"11":10,"12":0,"13":10,"14":10,"15":10,"16":1,"17":1,"18":4,"19":4,"20":1,"21":3,"22":1,"23":2,"24":2,"25":2,"26":2,"27":2,"28":2,"29":2},"f":{"0":15,"1":23,"2":10,"3":1,"4":4,"5":2,"6":2},"b":{"0":[0,15],"1":[13,10],"2":[1,0],"3":[1,3],"4":[1,2],"5":[3,2],"6":[2,1]}}
,"/Users/nickma/Develop/nick-ma/pony/src/cli/lib/gateway-client.ts": {"path":"/Users/nickma/Develop/nick-ma/pony/src/cli/lib/gateway-client.ts","statementMap":{"0":{"start":{"line":1,"column":0},"end":{"line":1,"column":48}},"1":{"start":{"line":43,"column":4},"end":{"line":43,"column":47}},"2":{"start":{"line":50,"column":18},"end":{"line":50,"column":46}},"3":{"start":{"line":52,"column":4},"end":{"line":54,"column":5}},"4":{"start":{"line":53,"column":6},"end":{"line":53,"column":71}},"5":{"start":{"line":56,"column":21},"end":{"line":63,"column":6}},"6":{"start":{"line":65,"column":4},"end":{"line":68,"column":5}},"7":{"start":{"line":66,"column":20},"end":{"line":66,"column":74}},"8":{"start":{"line":66,"column":54},"end":{"line":66,"column":73}},"9":{"start":{"line":67,"column":6},"end":{"line":67,"column":73}},"10":{"start":{"line":70,"column":4},"end":{"line":70,"column":41}},"11":{"start":{"line":74,"column":4},"end":{"line":77,"column":7}},"12":{"start":{"line":84,"column":18},"end":{"line":84,"column":46}},"13":{"start":{"line":86,"column":4},"end":{"line":88,"column":5}},"14":{"start":{"line":87,"column":6},"end":{"line":87,"column":71}},"15":{"start":{"line":90,"column":21},"end":{"line":97,"column":6}},"16":{"start":{"line":99,"column":4},"end":{"line":101,"column":5}},"17":{"start":{"line":100,"column":6},"end":{"line":100,"column":64}},"18":{"start":{"line":103,"column":19},"end":{"line":103,"column":45}},"19":{"start":{"line":104,"column":4},"end":{"line":106,"column":5}},"20":{"start":{"line":105,"column":6},"end":{"line":105,"column":42}},"21":{"start":{"line":108,"column":20},"end":{"line":108,"column":37}},"22":{"start":{"line":110,"column":4},"end":{"line":134,"column":5}},"23":{"start":{"line":111,"column":30},"end":{"line":111,"column":49}},"24":{"start":{"line":113,"column":6},"end":{"line":113,"column":22}},"25":{"start":{"line":113,"column":16},"end":{"line":113,"column":22}},"26":{"start":{"line":115,"column":20},"end":{"line":115,"column":41}},"27":{"start":{"line":116,"column":20},"end":{"line":116,"column":72}},"28":{"start":{"line":116,"column":53},"end":{"line":116,"column":71}},"29":{"start":{"line":118,"column":6},"end":{"line":133,"column":7}},"30":{"start":{"line":119,"column":8},"end":{"line":132,"column":9}},"31":{"start":{"line":120,"column":23},"end":{"line":120,"column":36}},"32":{"start":{"line":122,"column":10},"end":{"line":122,"column":42}},"33":{"start":{"line":122,"column":33},"end":{"line":122,"column":42}},"34":{"start":{"line":124,"column":10},"end":{"line":131,"column":11}},"35":{"start":{"line":125,"column":27},"end":{"line":125,"column":43}},"36":{"start":{"line":126,"column":28},"end":{"line":126,"column":63}},"37":{"start":{"line":127,"column":12},"end":{"line":129,"column":13}},"38":{"start":{"line":128,"column":14},"end":{"line":128,"column":31}},"39":{"start":{"line":143,"column":4},"end":{"line":146,"column":7}},"40":{"start":{"line":150,"column":4},"end":{"line":150,"column":45}},"41":{"start":{"line":154,"column":4},"end":{"line":154,"column":49}},"42":{"start":{"line":39,"column":0},"end":{"line":39,"column":13}},"43":{"start":{"line":158,"column":13},"end":{"line":158,"column":49}}},"fnMap":{"0":{"name":"(anonymous_0)","decl":{"start":{"line":42,"column":2},"end":{"line":42,"column":null}},"loc":{"start":{"line":42,"column":2},"end":{"line":44,"column":3}}},"1":{"name":"(anonymous_1)","decl":{"start":{"line":46,"column":10},"end":{"line":46,"column":15}},"loc":{"start":{"line":48,"column":29},"end":{"line":71,"column":3}}},"2":{"name":"(anonymous_2)","decl":{"start":{"line":66,"column":48},"end":{"line":66,"column":51}},"loc":{"start":{"line":66,"column":54},"end":{"line":66,"column":73}}},"3":{"name":"(anonymous_3)","decl":{"start":{"line":73,"column":2},"end":{"line":73,"column":7}},"loc":{"start":{"line":73,"column":53},"end":{"line":78,"column":3}}},"4":{"name":"(anonymous_4)","decl":{"start":{"line":80,"column":2},"end":{"line":80,"column":7}},"loc":{"start":{"line":82,"column":36},"end":{"line":135,"column":3}}},"5":{"name":"(anonymous_5)","decl":{"start":{"line":116,"column":45},"end":{"line":116,"column":49}},"loc":{"start":{"line":116,"column":53},"end":{"line":116,"column":71}}},"6":{"name":"(anonymous_6)","decl":{"start":{"line":137,"column":2},"end":{"line":137,"column":7}},"loc":{"start":{"line":142,"column":3},"end":{"line":147,"column":3}}},"7":{"name":"(anonymous_7)","decl":{"start":{"line":149,"column":2},"end":{"line":149,"column":7}},"loc":{"start":{"line":149,"column":17},"end":{"line":151,"column":3}}},"8":{"name":"(anonymous_8)","decl":{"start":{"line":153,"column":2},"end":{"line":153,"column":7}},"loc":{"start":{"line":153,"column":26},"end":{"line":155,"column":3}}}},"branchMap":{"0":{"loc":{"start":{"line":48,"column":4},"end":{"line":48,"column":29}},"type":"default-arg","locations":[{"start":{"line":48,"column":27},"end":{"line":48,"column":29}}]},"1":{"loc":{"start":{"line":52,"column":4},"end":{"line":54,"column":5}},"type":"if","locations":[{"start":{"line":52,"column":4},"end":{"line":54,"column":5}},{"start":{},"end":{}}]},"2":{"loc":{"start":{"line":65,"column":4},"end":{"line":68,"column":5}},"type":"if","locations":[{"start":{"line":65,"column":4},"end":{"line":68,"column":5}},{"start":{},"end":{}}]},"3":{"loc":{"start":{"line":86,"column":4},"end":{"line":88,"column":5}},"type":"if","locations":[{"start":{"line":86,"column":4},"end":{"line":88,"column":5}},{"start":{},"end":{}}]},"4":{"loc":{"start":{"line":99,"column":4},"end":{"line":101,"column":5}},"type":"if","locations":[{"start":{"line":99,"column":4},"end":{"line":101,"column":5}},{"start":{},"end":{}}]},"5":{"loc":{"start":{"line":104,"column":4},"end":{"line":106,"column":5}},"type":"if","locations":[{"start":{"line":104,"column":4},"end":{"line":106,"column":5}},{"start":{},"end":{}}]},"6":{"loc":{"start":{"line":113,"column":6},"end":{"line":113,"column":22}},"type":"if","locations":[{"start":{"line":113,"column":6},"end":{"line":113,"column":22}},{"start":{},"end":{}}]},"7":{"loc":{"start":{"line":119,"column":8},"end":{"line":132,"column":9}},"type":"if","locations":[{"start":{"line":119,"column":8},"end":{"line":132,"column":9}},{"start":{},"end":{}}]},"8":{"loc":{"start":{"line":122,"column":10},"end":{"line":122,"column":42}},"type":"if","locations":[{"start":{"line":122,"column":10},"end":{"line":122,"column":42}},{"start":{},"end":{}}]},"9":{"loc":{"start":{"line":127,"column":12},"end":{"line":129,"column":13}},"type":"if","locations":[{"start":{"line":127,"column":12},"end":{"line":129,"column":13}},{"start":{},"end":{}}]}},"s":{"0":1,"1":7,"2":6,"3":6,"4":1,"5":5,"6":5,"7":1,"8":0,"9":1,"10":4,"11":3,"12":0,"13":0,"14":0,"15":0,"16":0,"17":0,"18":0,"19":0,"20":0,"21":0,"22":0,"23":0,"24":0,"25":0,"26":0,"27":0,"28":0,"29":0,"30":0,"31":0,"32":0,"33":0,"34":0,"35":0,"36":0,"37":0,"38":0,"39":1,"40":1,"41":1,"42":1,"43":1},"f":{"0":7,"1":6,"2":0,"3":3,"4":0,"5":0,"6":1,"7":1,"8":1},"b":{"0":[2],"1":[1,5],"2":[1,4],"3":[0,0],"4":[0,0],"5":[0,0],"6":[0,0],"7":[0,0],"8":[0,0],"9":[0,0]}}
}
