TN:
SF:src/cli/commands/auth.ts
FN:16,loginWithOAuth
FN:29,(anonymous_1)
FN:30,(anonymous_2)
FN:125,(anonymous_3)
FN:130,(anonymous_4)
FN:135,(anonymous_5)
FN:143,logout
FN:148,whoami
FN:168,(anonymous_8)
FNF:9
FNH:0
FNDA:0,loginWithOAuth
FNDA:0,(anonymous_1)
FNDA:0,(anonymous_2)
FNDA:0,(anonymous_3)
FNDA:0,(anonymous_4)
FNDA:0,(anonymous_5)
FNDA:0,logout
FNDA:0,whoami
FNDA:0,(anonymous_8)
DA:17,0
DA:19,0
DA:20,0
DA:21,0
DA:23,0
DA:29,0
DA:30,0
DA:31,0
DA:32,0
DA:33,0
DA:34,0
DA:37,0
DA:38,0
DA:39,0
DA:41,0
DA:42,0
DA:43,0
DA:52,0
DA:53,0
DA:54,0
DA:55,0
DA:58,0
DA:59,0
DA:60,0
DA:61,0
DA:62,0
DA:63,0
DA:64,0
DA:67,0
DA:69,0
DA:70,0
DA:83,0
DA:84,0
DA:87,0
DA:89,0
DA:98,0
DA:99,0
DA:109,0
DA:110,0
DA:112,0
DA:113,0
DA:115,0
DA:117,0
DA:118,0
DA:119,0
DA:120,0
DA:121,0
DA:125,0
DA:126,0
DA:127,0
DA:128,0
DA:130,0
DA:131,0
DA:135,0
DA:136,0
DA:137,0
DA:138,0
DA:144,0
DA:145,0
DA:149,0
DA:150,0
DA:151,0
DA:154,0
DA:155,0
DA:156,0
DA:157,0
DA:158,0
DA:161,0
DA:164,0
DA:169,0
DA:170,0
DA:173,0
DA:174,0
DA:176,0
DA:177,0
DA:181,0
DA:186,0
LF:77
LH:0
BRDA:31,0,0,0
BRDA:31,0,1,0
BRDA:41,1,0,0
BRDA:41,1,1,0
BRDA:58,2,0,0
BRDA:58,2,1,0
BRDA:83,3,0,0
BRDA:83,3,1,0
BRDA:92,4,0,0
BRDA:92,4,1,0
BRDA:112,5,0,0
BRDA:112,5,1,0
BRDA:112,5,2,0
BRDA:149,6,0,0
BRDA:149,6,1,0
BRDA:156,7,0,0
BRDA:156,7,1,0
BRDA:156,7,2,0
BRDA:157,8,0,0
BRDA:157,8,1,0
BRDA:158,9,0,0
BRDA:158,9,1,0
BRDA:169,10,0,0
BRDA:169,10,1,0
BRF:24
BRH:0
end_of_record
TN:
SF:src/cli/commands/chat.ts
FN:12,chatCommand
FN:61,(anonymous_1)
FNF:2
FNH:0
FNDA:0,chatCommand
FNDA:0,(anonymous_1)
DA:13,0
DA:15,0
DA:16,0
DA:18,0
DA:20,0
DA:21,0
DA:27,0
DA:28,0
DA:37,0
DA:38,0
DA:41,0
DA:42,0
DA:43,0
DA:46,0
DA:51,0
DA:52,0
DA:54,0
DA:56,0
DA:62,0
DA:63,0
DA:67,0
DA:69,0
DA:75,0
DA:77,0
LF:24
LH:0
BRDA:13,0,0,0
BRDA:13,0,1,0
BRDA:20,1,0,0
BRDA:20,1,1,0
BRDA:37,2,0,0
BRDA:37,2,1,0
BRDA:41,3,0,0
BRDA:41,3,1,0
BRF:8
BRH:0
end_of_record
TN:
SF:src/cli/commands/config.ts
FN:6,setGateway
FN:13,(anonymous_1)
FN:28,showConfig
FNF:3
FNH:0
FNDA:0,setGateway
FNDA:0,(anonymous_1)
FNDA:0,showConfig
DA:7,0
DA:14,0
DA:15,0
DA:16,0
DA:18,0
DA:24,0
DA:25,0
DA:29,0
DA:31,0
DA:32,0
DA:33,0
DA:35,0
DA:36,0
DA:39,0
DA:42,0
DA:45,0
DA:50,0
LF:17
LH:0
BRDA:32,0,0,0
BRDA:32,0,1,0
BRDA:33,1,0,0
BRDA:33,1,1,0
BRDA:35,2,0,0
BRDA:35,2,1,0
BRF:6
BRH:0
end_of_record
TN:
SF:src/cli/commands/goal.ts
FN:7,createGoal
FN:13,(anonymous_1)
FN:19,(anonymous_2)
FN:49,listGoals
FN:62,(anonymous_4)
FN:75,showGoal
FNF:6
FNH:0
FNDA:0,createGoal
FNDA:0,(anonymous_1)
FNDA:0,(anonymous_2)
FNDA:0,listGoals
FNDA:0,(anonymous_4)
FNDA:0,showGoal
DA:8,0
DA:13,0
DA:19,0
DA:29,0
DA:31,0
DA:32,0
DA:38,0
DA:39,0
DA:40,0
DA:41,0
DA:43,0
DA:44,0
DA:45,0
DA:50,0
DA:52,0
DA:53,0
DA:54,0
DA:56,0
DA:57,0
DA:58,0
DA:61,0
DA:62,0
DA:63,0
DA:64,0
DA:65,0
DA:66,0
DA:69,0
DA:70,0
DA:71,0
DA:76,0
DA:78,0
DA:79,0
DA:80,0
DA:82,0
DA:83,0
DA:84,0
DA:85,0
DA:86,0
DA:87,0
DA:89,0
DA:90,0
DA:91,0
DA:95,0
DA:98,0
DA:103,0
DA:108,0
LF:46
LH:0
BRDA:13,0,0,0
BRDA:13,0,1,0
BRDA:19,1,0,0
BRDA:19,1,1,0
BRDA:56,2,0,0
BRDA:56,2,1,0
BRF:6
BRH:0
end_of_record
TN:
SF:src/cli/commands/status.ts
FN:5,statusCommand
FNF:1
FNH:0
FNDA:0,statusCommand
DA:6,0
DA:8,0
DA:9,0
DA:11,0
DA:12,0
DA:13,0
DA:14,0
DA:16,0
DA:17,0
DA:18,0
DA:19,0
DA:21,0
DA:24,0
DA:27,0
LF:14
LH:0
BRDA:9,0,0,0
BRDA:9,0,1,0
BRDA:11,1,0,0
BRDA:11,1,1,0
BRDA:13,2,0,0
BRDA:13,2,1,0
BRDA:13,2,2,0
BRDA:14,3,0,0
BRDA:14,3,1,0
BRF:9
BRH:0
end_of_record
TN:
SF:src/cli/lib/auth-manager.ts
FN:18,(anonymous_0)
FN:27,(anonymous_1)
FN:40,(anonymous_2)
FN:46,(anonymous_3)
FN:52,(anonymous_4)
FN:66,(anonymous_5)
FN:71,(anonymous_6)
FNF:7
FNH:7
FNDA:15,(anonymous_0)
FNDA:23,(anonymous_1)
FNDA:10,(anonymous_2)
FNDA:1,(anonymous_3)
FNDA:4,(anonymous_4)
FNDA:2,(anonymous_5)
FNDA:2,(anonymous_6)
DA:1,2
DA:2,2
DA:3,2
DA:14,2
DA:19,15
DA:20,15
DA:22,15
DA:23,0
DA:28,23
DA:29,13
DA:32,10
DA:33,10
DA:34,10
DA:36,0
DA:41,10
DA:42,10
DA:43,10
DA:47,1
DA:48,1
DA:53,4
DA:55,4
DA:56,1
DA:59,3
DA:60,1
DA:63,2
DA:67,2
DA:68,2
DA:72,2
DA:73,2
DA:77,2
LF:30
LH:28
BRDA:22,0,0,0
BRDA:22,0,1,15
BRDA:28,1,0,13
BRDA:28,1,1,10
BRDA:47,2,0,1
BRDA:47,2,1,0
BRDA:55,3,0,1
BRDA:55,3,1,3
BRDA:59,4,0,1
BRDA:59,4,1,2
BRDA:59,5,0,3
BRDA:59,5,1,2
BRDA:73,6,0,2
BRDA:73,6,1,1
BRF:14
BRH:12
end_of_record
TN:
SF:src/cli/lib/gateway-client.ts
FN:42,(anonymous_0)
FN:46,(anonymous_1)
FN:66,(anonymous_2)
FN:73,(anonymous_3)
FN:80,(anonymous_4)
FN:116,(anonymous_5)
FN:137,(anonymous_6)
FN:149,(anonymous_7)
FN:153,(anonymous_8)
FNF:9
FNH:6
FNDA:7,(anonymous_0)
FNDA:6,(anonymous_1)
FNDA:0,(anonymous_2)
FNDA:3,(anonymous_3)
FNDA:0,(anonymous_4)
FNDA:0,(anonymous_5)
FNDA:1,(anonymous_6)
FNDA:1,(anonymous_7)
FNDA:1,(anonymous_8)
DA:1,1
DA:39,1
DA:43,7
DA:50,6
DA:52,6
DA:53,1
DA:56,5
DA:65,5
DA:66,1
DA:67,1
DA:70,4
DA:74,3
DA:84,0
DA:86,0
DA:87,0
DA:90,0
DA:99,0
DA:100,0
DA:103,0
DA:104,0
DA:105,0
DA:108,0
DA:110,0
DA:111,0
DA:113,0
DA:115,0
DA:116,0
DA:118,0
DA:119,0
DA:120,0
DA:122,0
DA:124,0
DA:125,0
DA:126,0
DA:127,0
DA:128,0
DA:143,1
DA:150,1
DA:154,1
DA:158,1
LF:40
LH:16
BRDA:48,0,0,2
BRDA:52,1,0,1
BRDA:52,1,1,5
BRDA:65,2,0,1
BRDA:65,2,1,4
BRDA:86,3,0,0
BRDA:86,3,1,0
BRDA:99,4,0,0
BRDA:99,4,1,0
BRDA:104,5,0,0
BRDA:104,5,1,0
BRDA:113,6,0,0
BRDA:113,6,1,0
BRDA:119,7,0,0
BRDA:119,7,1,0
BRDA:122,8,0,0
BRDA:122,8,1,0
BRDA:127,9,0,0
BRDA:127,9,1,0
BRF:19
BRH:5
end_of_record
